<?xml version="1.0" encoding="UTF-8"?>
<!-- Generated by org.testng.reporters.JUnitReportReporter -->
<testsuite hostname="QSpiders" failures="0" tests="1" name="Com.DemoWebShop_TestScripts.TC_001_Verify_User_is_able_to_add_address_or_not" time="16.171" errors="0" timestamp="2026-04-07T19:43:54 IST" skipped="0">
  <testcase classname="Com.DemoWebShop_TestScripts.TC_001_Verify_User_is_able_to_add_address_or_not" name="addAddress" time="16.171"/>
</testsuite> <!-- Com.DemoWebShop_TestScripts.TC_001_Verify_User_is_able_to_add_address_or_not -->
