<?xml version="1.0" encoding="UTF-8"?>
<!-- Generated by org.testng.reporters.JUnitReportReporter -->
<testsuite hostname="QSpiders" failures="0" tests="1" name="Com.DemoWebShop_TestScripts.TC_002_Verify_User_is_able_to_delete_address_or_not" time="10.360" errors="0" timestamp="2026-04-08T19:45:54 IST" skipped="0">
  <testcase classname="Com.DemoWebShop_TestScripts.TC_002_Verify_User_is_able_to_delete_address_or_not" name="deleteAddress" time="10.360"/>
</testsuite> <!-- Com.DemoWebShop_TestScripts.TC_002_Verify_User_is_able_to_delete_address_or_not -->
